app/build/outputs/mapping/release/configuration.txt
# The proguard configuration file for the following section is intermediates\proguard-files\proguard-android.txt-4.1.3
# This is a configuration file for ProGuard.
# http://proguard.sourceforge.net/index.html#manual/usage.html
#
# Starting with version 2.2 of the Android plugin for Gradle, this file is distributed together with
# the plugin and unpacked at build-time. The files in $ANDROID_HOME are no longer maintained and
# will be ignored by new version of the Android plugin for Gradle.

# Optimization is turned off by default. Dex does not like code run
# through the ProGuard optimize steps (and performs some
# of these optimizations on its own).
# Note that if you want to enable optimization, you cannot just
# include optimization flags in your own project configuration file;
# instead you will need to point to the
# "proguard-android-optimize.txt" file instead of this one from your
# project.properties file.
-dontoptimize

-dontusemixedcaseclassnames
-dontskipnonpubliclibraryclasses
-verbose

# Preserve some attributes that may be required for reflection.
-keepattributes *Annotation*,Signature,InnerClasses,EnclosingMethod

-keep public class com.google.vending.licensing.ILicensingService
-keep public class com.android.vending.licensing.ILicensingService
-keep public class com.google.android.vending.licensing.ILicensingService
-dontnote com.android.vending.licensing.ILicensingService
-dontnote com.google.vending.licensing.ILicensingService
-dontnote com.google.android.vending.licensing.ILicensingService

# For native methods, see http://proguard.sourceforge.net/manual/examples.html#native
-keepclasseswithmembernames,includedescriptorclasses class * {
    native <methods>;
}

# Keep setters in Views so that animations can still work.
-keepclassmembers public class * extends android.view.View {
    void set*(***);
    *** get*();
}

# We want to keep methods in Activity that could be used in the XML attribute onClick.
-keepclassmembers class * extends android.app.Activity {
    public void *(android.view.View);
}

# For enumeration classes, see http://proguard.sourceforge.net/manual/examples.html#enumerations
-keepclassmembers enum * {
    public static **[] values();
    public static ** valueOf(java.lang.String);
}

-keepclassmembers class * implements android.os.Parcelable {
    public static final ** CREATOR;
}

# Preserve annotated Javascript interface methods.
-keepclassmembers class * {
    @android.webkit.JavascriptInterface <methods>;
}

# The support libraries contains references to newer platform versions.
# Don't warn about those in case this app is linking against an older
# platform version. We know about them, and they are safe.
-dontnote android.support.**
-dontnote androidx.**
-dontwarn android.support.**
-dontwarn androidx.**

# This class is deprecated, but remains for backward compatibility.
-dontwarn android.util.FloatMath

# Understand the @Keep support annotation.
-keep class android.support.annotation.Keep
-keep class androidx.annotation.Keep

-keep @android.support.annotation.Keep class * {*;}
-keep @androidx.annotation.Keep class * {*;}

-keepclasseswithmembers class * {
    @android.support.annotation.Keep <methods>;
}

-keepclasseswithmembers class * {
    @androidx.annotation.Keep <methods>;
}

-keepclasseswithmembers class * {
    @android.support.annotation.Keep <fields>;
}

-keepclasseswithmembers class * {
    @androidx.annotation.Keep <fields>;
}

-keepclasseswithmembers class * {
    @android.support.annotation.Keep <init>(...);
}

-keepclasseswithmembers class * {
    @androidx.annotation.Keep <init>(...);
}

# These classes are duplicated between android.jar and org.apache.http.legacy.jar.
-dontnote org.apache.http.**
-dontnote android.net.http.**

# These classes are duplicated between android.jar and core-lambda-stubs.jar.
-dontnote java.lang.invoke.**

# End of content from intermediates\proguard-files\proguard-android.txt-4.1.3
# The proguard configuration file for the following section is androidMyRetailerPOSV3.3.18_UpdateTransZRead\app\proguard-rules.pro
# Add project specific ProGuard rules here.
# By default, the flags in this file are appended to flags specified
# in /Users/aritraroy/Library/Android/sdk/tools/proguard/proguard-android.txt
# You can edit the include path and order by changing the proguardFiles
# directive in build.gradle.
#
# For more details, see
#   http://developer.android.com/guide/developing/tools/proguard.html

# Add any project specific keep options here:

# If your project uses WebView with JS, uncomment the following
# and specify the fully qualified class name to the JavaScript interface
# class:
# -keepclassmembers class fqcn.of.javascript.interface.for.webview {
#   public *;
#}

# End of content from androidMyRetailerPOSV3.3.18_UpdateTransZRead\app\proguard-rules.pro
# The proguard configuration file for the following section is aapt_proguard_file\release\aapt_rules.txt
-keep class androidx.core.content.FileProvider { <init>(); }
-keep class com.dcs.myretailer.app.APIActivity { <init>(); }
-keep class com.dcs.myretailer.app.AddModifierActivity { <init>(); }
-keep class com.dcs.myretailer.app.BarChartActivity { <init>(); }
-keep class com.dcs.myretailer.app.CashLayoutActivity { <init>(); }
-keep class com.dcs.myretailer.app.Cashier.ItemDiscountActivity { <init>(); }
-keep class com.dcs.myretailer.app.Cashier.MainActivity { <init>(); }
-keep class com.dcs.myretailer.app.Cashier.RemarkScanActivity { <init>(); }
-keep class com.dcs.myretailer.app.CheckOutActivity { <init>(); }
-keep class com.dcs.myretailer.app.Checkout.PaymentCashSuccesActivity { <init>(); }
-keep class com.dcs.myretailer.app.DragAndPlaceActivity { <init>(); }
-keep class com.dcs.myretailer.app.HeaderAndFooterActivity { <init>(); }
-keep class com.dcs.myretailer.app.LicenseKeyActivity { <init>(); }
-keep class com.dcs.myretailer.app.Login.SampleActivity { <init>(); }
-keep class com.dcs.myretailer.app.RemarkMainActivity { <init>(); }
-keep class com.dcs.myretailer.app.RemarksBarcodeActivity { <init>(); }
-keep class com.dcs.myretailer.app.Report.ActivityGenReport { <init>(); }
-keep class com.dcs.myretailer.app.Report.ReportActivity { <init>(); }
-keep class com.dcs.myretailer.app.ScanActivity { <init>(); }
-keep class com.dcs.myretailer.app.Setting.ActivityMapButtonSetup { <init>(); }
-keep class com.dcs.myretailer.app.Setting.ActivityMapSetup { <init>(); }
-keep class com.dcs.myretailer.app.Setting.AddNewCategoryActivity { <init>(); }
-keep class com.dcs.myretailer.app.Setting.AddNewConfigurationActivity { <init>(); }
-keep class com.dcs.myretailer.app.Setting.AddNewProductActivity { <init>(); }
-keep class com.dcs.myretailer.app.Setting.AddNewVouchersAndDiscountActivity { <init>(); }
-keep class com.dcs.myretailer.app.Setting.AddPaymentTypeActivity { <init>(); }
-keep class com.dcs.myretailer.app.Setting.AddPermissionGroupActivity { <init>(); }
-keep class com.dcs.myretailer.app.Setting.AddStaffManagementActivity { <init>(); }
-keep class com.dcs.myretailer.app.Setting.AddTaxConfigurationActivity { <init>(); }
-keep class com.dcs.myretailer.app.Setting.AddTaxConfigurationsActivity { <init>(); }
-keep class com.dcs.myretailer.app.Setting.CategoryManagementActivity { <init>(); }
-keep class com.dcs.myretailer.app.Setting.ConfigurationHostActivity { <init>(); }
-keep class com.dcs.myretailer.app.Setting.DatabaseImportExportActivity { <init>(); }
-keep class com.dcs.myretailer.app.Setting.GeneralSettingActivity { <init>(); }
-keep class com.dcs.myretailer.app.Setting.HardwareActivity { <init>(); }
-keep class com.dcs.myretailer.app.Setting.ModifierActivity { <init>(); }
-keep class com.dcs.myretailer.app.Setting.PaymentListActivity { <init>(); }
-keep class com.dcs.myretailer.app.Setting.PermissionGroupActivity { <init>(); }
-keep class com.dcs.myretailer.app.Setting.PosConfigurationActivity { <init>(); }
-keep class com.dcs.myretailer.app.Setting.PrinterListActivity { <init>(); }
-keep class com.dcs.myretailer.app.Setting.ProductManagementActivity { <init>(); }
-keep class com.dcs.myretailer.app.Setting.ReceiptEditorActivity { <init>(); }
-keep class com.dcs.myretailer.app.Setting.ReportSettingActivity { <init>(); }
-keep class com.dcs.myretailer.app.Setting.ScanProductActivity { <init>(); }
-keep class com.dcs.myretailer.app.Setting.ScanVoucherActivity { <init>(); }
-keep class com.dcs.myretailer.app.Setting.SettingActivity { <init>(); }
-keep class com.dcs.myretailer.app.Setting.StaffManagementActivity { <init>(); }
-keep class com.dcs.myretailer.app.Setting.StockManagement.StockAgentDetatilsActivity { <init>(); }
-keep class com.dcs.myretailer.app.Setting.StockManagement.StockManagementActivity { <init>(); }
-keep class com.dcs.myretailer.app.Setting.SupportActivity { <init>(); }
-keep class com.dcs.myretailer.app.Setting.SyncActivity { <init>(); }
-keep class com.dcs.myretailer.app.Setting.TaxConfigurationActivity { <init>(); }
-keep class com.dcs.myretailer.app.Setting.VouchersAndDiscountsActivity { <init>(); }
-keep class com.dcs.myretailer.app.TransactionDetailsActivity { <init>(); }
-keep class com.dcs.myretailer.app.TransferImageIntoServerActivity { <init>(); }
-keep class com.dcs.myretailer.app.ZCloseResyncActivity { <init>(); }
-keep class com.dcs.myretailer.app.androidx { <init>(); }
-keep class com.dcs.myretailer.app.e600.printer.DemoApp { <init>(); }
-keep class com.dcs.myretailer.app.presentation.MajorActivity { <init>(); }
-keep class com.karumi.dexter.DexterActivity { <init>(); }
-keep class android.widget.Space { <init>(android.content.Context, android.util.AttributeSet); }

-keep class androidx.appcompat.app.AlertController$RecycleListView { <init>(android.content.Context, android.util.AttributeSet); }

-keep class androidx.appcompat.view.menu.ActionMenuItemView { <init>(android.content.Context, android.util.AttributeSet); }

-keep class androidx.appcompat.view.menu.ExpandedMenuView { <init>(android.content.Context, android.util.AttributeSet); }

-keep class androidx.appcompat.view.menu.ListMenuItemView { <init>(android.content.Context, android.util.AttributeSet); }

-keep class androidx.appcompat.widget.ActionBarContainer { <init>(android.content.Context, android.util.AttributeSet); }

-keep class androidx.appcompat.widget.ActionBarContextView { <init>(android.content.Context, android.util.AttributeSet); }

-keep class androidx.appcompat.widget.ActionBarOverlayLayout { <init>(android.content.Context, android.util.AttributeSet); }

-keep class androidx.appcompat.widget.ActionMenuView { <init>(android.content.Context, android.util.AttributeSet); }

-keep class androidx.appcompat.widget.ActivityChooserView$InnerLayout { <init>(android.content.Context, android.util.AttributeSet); }

-keep class androidx.appcompat.widget.AlertDialogLayout { <init>(android.content.Context, android.util.AttributeSet); }

-keep class androidx.appcompat.widget.AppCompatCheckBox { <init>(android.content.Context, android.util.AttributeSet); }

-keep class androidx.appcompat.widget.ButtonBarLayout { <init>(android.content.Context, android.util.AttributeSet); }

-keep class androidx.appcompat.widget.ContentFrameLayout { <init>(android.content.Context, android.util.AttributeSet); }

-keep class androidx.appcompat.widget.DialogTitle { <init>(android.content.Context, android.util.AttributeSet); }

-keep class androidx.appcompat.widget.FitWindowsFrameLayout { <init>(android.content.Context, android.util.AttributeSet); }

-keep class androidx.appcompat.widget.FitWindowsLinearLayout { <init>(android.content.Context, android.util.AttributeSet); }

-keep class androidx.appcompat.widget.SearchView { <init>(android.content.Context); }

-keep class androidx.appcompat.widget.SearchView$SearchAutoComplete { <init>(android.content.Context, android.util.AttributeSet); }

-keep class androidx.appcompat.widget.SwitchCompat { <init>(android.content.Context, android.util.AttributeSet); }

-keep class androidx.appcompat.widget.Toolbar { <init>(android.content.Context, android.util.AttributeSet); }

-keep class androidx.appcompat.widget.ViewStubCompat { <init>(android.content.Context, android.util.AttributeSet); }

-keep class androidx.cardview.widget.CardView { <init>(android.content.Context, android.util.AttributeSet); }

-keep class androidx.constraintlayout.widget.Barrier { <init>(android.content.Context, android.util.AttributeSet); }

-keep class androidx.constraintlayout.widget.ConstraintLayout { <init>(android.content.Context, android.util.AttributeSet); }

-keep class androidx.constraintlayout.widget.Guideline { <init>(android.content.Context, android.util.AttributeSet); }

-keep class androidx.coordinatorlayout.widget.CoordinatorLayout { <init>(android.content.Context, android.util.AttributeSet); }

-keep class androidx.core.widget.NestedScrollView { <init>(android.content.Context, android.util.AttributeSet); }

-keep class androidx.recyclerview.widget.RecyclerView { <init>(android.content.Context, android.util.AttributeSet); }

-keep class androidx.viewpager.widget.ViewPager { <init>(android.content.Context, android.util.AttributeSet); }

-keep class cn.pedant.SweetAlert.SuccessTickView { <init>(android.content.Context, android.util.AttributeSet); }

-keep class com.chauthai.swipereveallayout.SwipeRevealLayout { <init>(android.content.Context, android.util.AttributeSet); }

-keep class com.dcs.myretailer.app.Cashier.MetallicButton { <init>(android.content.Context, android.util.AttributeSet); }

-keep class com.dcs.myretailer.app.FlatButton { <init>(android.content.Context, android.util.AttributeSet); }

-keep class com.dcs.myretailer.app.MyListView { <init>(android.content.Context, android.util.AttributeSet); }

-keep class com.dcs.myretailer.app.StyleScrollView { <init>(android.content.Context, android.util.AttributeSet); }

-keep class com.github.mikephil.charting.charts.BarChart { <init>(android.content.Context, android.util.AttributeSet); }

-keep class com.google.android.material.appbar.AppBarLayout { <init>(android.content.Context, android.util.AttributeSet); }

-keep class com.google.android.material.appbar.MaterialToolbar { <init>(android.content.Context, android.util.AttributeSet); }

-keep class com.google.android.material.bottomnavigation.BottomNavigationView { <init>(android.content.Context, android.util.AttributeSet); }

-keep class com.google.android.material.button.MaterialButton { <init>(android.content.Context, android.util.AttributeSet); }

-keep class com.google.android.material.button.MaterialButtonToggleGroup { <init>(android.content.Context, android.util.AttributeSet); }

-keep class com.google.android.material.chip.Chip { <init>(android.content.Context, android.util.AttributeSet); }

-keep class com.google.android.material.chip.ChipGroup { <init>(android.content.Context, android.util.AttributeSet); }

-keep class com.google.android.material.datepicker.MaterialCalendarGridView { <init>(android.content.Context, android.util.AttributeSet); }

-keep class com.google.android.material.floatingactionbutton.FloatingActionButton { <init>(android.content.Context, android.util.AttributeSet); }

-keep class com.google.android.material.internal.BaselineLayout { <init>(android.content.Context, android.util.AttributeSet); }

-keep class com.google.android.material.internal.CheckableImageButton { <init>(android.content.Context, android.util.AttributeSet); }

-keep class com.google.android.material.internal.NavigationMenuItemView { <init>(android.content.Context, android.util.AttributeSet); }

-keep class com.google.android.material.internal.NavigationMenuView { <init>(android.content.Context, android.util.AttributeSet); }

-keep class com.google.android.material.snackbar.Snackbar$SnackbarLayout { <init>(android.content.Context, android.util.AttributeSet); }

-keep class com.google.android.material.snackbar.SnackbarContentLayout { <init>(android.content.Context, android.util.AttributeSet); }

-keep class com.google.android.material.tabs.TabLayout { <init>(android.content.Context, android.util.AttributeSet); }

-keep class com.google.android.material.textfield.TextInputEditText { <init>(android.content.Context, android.util.AttributeSet); }

-keep class com.google.android.material.textfield.TextInputLayout { <init>(android.content.Context, android.util.AttributeSet); }

-keep class com.google.android.material.textview.MaterialTextView { <init>(android.content.Context, android.util.AttributeSet); }

-keep class com.google.android.material.timepicker.ChipTextInputComboView { <init>(android.content.Context, android.util.AttributeSet); }

-keep class com.google.android.material.timepicker.ClockFaceView { <init>(android.content.Context, android.util.AttributeSet); }

-keep class com.google.android.material.timepicker.ClockHandView { <init>(android.content.Context, android.util.AttributeSet); }

-keep class com.google.android.material.timepicker.TimePickerView { <init>(android.content.Context, android.util.AttributeSet); }

-keep class com.jmedeisis.draglinearlayout.DragLinearLayout { <init>(android.content.Context, android.util.AttributeSet); }

-keep class com.journeyapps.barcodescanner.BarcodeView { <init>(android.content.Context, android.util.AttributeSet); }

-keep class com.journeyapps.barcodescanner.CompoundBarcodeView { <init>(android.content.Context, android.util.AttributeSet); }

-keep class com.journeyapps.barcodescanner.ViewfinderView { <init>(android.content.Context, android.util.AttributeSet); }

-keep class com.pnikosis.materialishprogress.ProgressWheel { <init>(android.content.Context, android.util.AttributeSet); }

-keep class me.dm7.barcodescanner.core.ViewFinderView { <init>(android.content.Context, android.util.AttributeSet); }


# End of content from aapt_proguard_file\release\aapt_rules.txt
# The proguard configuration file for the following section is 4e4914d704d1a6a9ccfdc05c1d0488c2\jetified-dexter-4.2.0\proguard.txt
-renamesourcefileattribute SourceFile

# Preserve all Dexter classes and method names

-keepattributes InnerClasses, Signature, *Annotation*

-keep class com.karumi.dexter.** { *; }
-keep interface com.karumi.dexter.** { *; }
-keepclasseswithmembernames class com.karumi.dexter.** { *; }
-keepclasseswithmembernames interface com.karumi.dexter.** { *; }
# End of content from 4e4914d704d1a6a9ccfdc05c1d0488c2\jetified-dexter-4.2.0\proguard.txt
# The proguard configuration file for the following section is 8b115ad540d0a20d59f85de8a7cba3a6\material-1.3.0\proguard.txt
# Copyright (C) 2015 The Android Open Source Project
#
# Licensed under the Apache License, Version 2.0 (the "License");
# you may not use this file except in compliance with the License.
# You may obtain a copy of the License at
#
#      http://www.apache.org/licenses/LICENSE-2.0
#
# Unless required by applicable law or agreed to in writing, software
# distributed under the License is distributed on an "AS IS" BASIS,
# WITHOUT WARRANTIES OR CONDITIONS OF ANY KIND, either express or implied.
# See the License for the specific language governing permissions and
# limitations under the License.

# CoordinatorLayout resolves the behaviors of its child components with reflection.
-keep public class * extends androidx.coordinatorlayout.widget.CoordinatorLayout$Behavior {
    public <init>(android.content.Context, android.util.AttributeSet);
    public <init>();
}

# Make sure we keep annotations for CoordinatorLayout's DefaultBehavior
-keepattributes RuntimeVisible*Annotation*

# Copyright (C) 2018 The Android Open Source Project
#
# Licensed under the Apache License, Version 2.0 (the "License");
# you may not use this file except in compliance with the License.
# You may obtain a copy of the License at
#
#      http://www.apache.org/licenses/LICENSE-2.0
#
# Unless required by applicable law or agreed to in writing, software
# distributed under the License is distributed on an "AS IS" BASIS,
# WITHOUT WARRANTIES OR CONDITIONS OF ANY KIND, either express or implied.