app/build/outputs/mapping/release/seeds.txt
com.dcs.myretailer.app.Cashier.StyleTextView: void setTextInfo(java.lang.String)
com.dcs.myretailer.app.XYMarkerView: com.github.mikephil.charting.utils.MPPointF getOffset()
com.dcs.myretailer.app.Cashier.StyleTextView
com.dcs.myretailer.app.DataBinderMapperImpl
com.dcs.myretailer.app.MainActivityViewModel
com.dcs.myretailer.app.Setting.AddNewConfigurationActivity
com.dcs.myretailer.app.Setting.MapViewer: void setEditMode(boolean)
com.dcs.myretailer.app.Cashier.MetallicButton: MetallicButton(android.content.Context,android.util.AttributeSet)
com.dcs.myretailer.app.presentation.MajorActivity
com.dcs.myretailer.app.Setting.ReportSettingActivity: void onClick(android.view.View)
com.dcs.myretailer.app.Setting.ActivityMapSetup: ActivityMapSetup()
com.dcs.myretailer.app.data.TransactionDB_Impl: TransactionDB_Impl()
com.dcs.myretailer.app.DragAndPlaceActivity: DragAndPlaceActivity()
com.dcs.myretailer.app.FlatButton: void setButtonStyle(com.dcs.myretailer.app.Setting.ButtonStyle)
com.dcs.myretailer.app.Checkout.PaymentCashSuccesActivity: void onClick(android.view.View)
com.dcs.myretailer.app.Setting.AddNewVouchersAndDiscountActivity
com.dcs.myretailer.app.Checkout.PaymentCashSuccesActivity: PaymentCashSuccesActivity()
com.dcs.myretailer.app.Cashier.StyleTextView: void setTextColor(int)
com.dcs.myretailer.app.AddModifierActivity
com.dcs.myretailer.app.Setting.ButtonTextAlign: com.dcs.myretailer.app.Setting.ButtonTextAlign[] values()
com.dcs.myretailer.app.Setting.AddNewVouchersAndDiscountActivity: AddNewVouchersAndDiscountActivity()
com.dcs.myretailer.app.Setting.AddNewConfigurationActivity: AddNewConfigurationActivity()
com.dcs.myretailer.app.Setting.ProductManagementActivity: ProductManagementActivity()
com.dcs.myretailer.app.MyLifecycleObserver
com.dcs.myretailer.app.Setting.DatabaseImportExportActivity: DatabaseImportExportActivity()
com.dcs.myretailer.app.Cashier.MetallicButton$ButtonStyle: com.dcs.myretailer.app.Cashier.MetallicButton$ButtonStyle valueOf(java.lang.String)
com.dcs.myretailer.app.Setting.StockManagement.StockManagementActivity
com.dcs.myretailer.app.Cashier.MetallicButton: void setImage(android.graphics.Bitmap)
com.dcs.myretailer.app.Setting.AddPaymentTypeActivity
com.dcs.myretailer.app.e600.printer.DemoApp: DemoApp()
com.dcs.myretailer.app.ProductDataViewModel: ProductDataViewModel()
com.dcs.myretailer.app.Cashier.MetallicButton: void setBackgroundColor(int)
com.dcs.myretailer.app.Setting.ActivityMapButtonSetup: ActivityMapButtonSetup()
com.dcs.myretailer.app.Setting.AddTaxConfigurationActivity: void onClick(android.view.View)
com.dcs.myretailer.app.Cashier.StyleTextView: void setTextInfoSize(float)
com.dcs.myretailer.app.Setting.ButtonStyle: com.dcs.myretailer.app.Setting.ButtonStyle[] values()
com.dcs.myretailer.app.Setting.PaymentListActivity: PaymentListActivity()
com.dcs.myretailer.app.Setting.AddStaffManagementActivity
com.dcs.myretailer.app.Setting.TaxConfigurationActivity: TaxConfigurationActivity()
com.dcs.myretailer.app.Setting.AddTaxConfigurationActivity: AddTaxConfigurationActivity()
com.dcs.myretailer.app.Setting.AddPaymentTypeActivity: AddPaymentTypeActivity()
com.dcs.myretailer.app.BarChartActivity: BarChartActivity()
com.dcs.myretailer.app.presentation.MajorActivity: MajorActivity()
com.dcs.myretailer.app.Checkout.PaymentCashSuccesActivity
com.dcs.myretailer.app.BarChartActivity
com.dcs.myretailer.app.Cashier.MetallicButton
com.dcs.myretailer.app.MyListView
com.dcs.myretailer.app.RemarksBarcodeActivity: void onClick(android.view.View)
com.dcs.myretailer.app.Report.ReportActivity: void onClick(android.view.View)
com.dcs.myretailer.app.Setting.StockManagement.StockAgentDetatilsActivity
com.dcs.myretailer.app.Setting.SettingActivity
com.dcs.myretailer.app.ProductDataViewModel
com.dcs.myretailer.app.LicenseKeyActivity: LicenseKeyActivity()
com.dcs.myretailer.app.RemarksBarcodeActivity: RemarksBarcodeActivity()
com.dcs.myretailer.app.FlatButton
com.dcs.myretailer.app.APIActivity
...
androidx.lifecycle.Lifecycle$Event: androidx.lifecycle.Lifecycle$Event[] values()
com.karumi.dexter.R$dimen: int design_tab_max_width
com.github.mikephil.charting.charts.BarLineChartBase: float getYChartMin()
com.google.android.material.appbar.AppBarLayout$BaseBehavior
com.karumi.dexter.R$color: int primary_text_disabled_material_dark
com.karumi.dexter.listener.DexterError: com.karumi.dexter.listener.DexterError REQUEST_ONGOING
com.karumi.dexter.R$attr: int listPreferredItemHeight
com.google.android.material.appbar.MaterialToolbar
com.karumi.dexter.R$id: int buttonPanel
com.karumi.dexter.R$id: int up
com.karumi.dexter.R$styleable: int AppCompatTheme_actionBarSplitStyle
com.google.android.material.appbar.AppBarLayout$ScrollingViewBehavior: AppBarLayout$ScrollingViewBehavior()
com.google.android.material.circularreveal.CircularRevealFrameLayout: int getCircularRevealScrimColor()
android.support.v4.media.RatingCompat
com.google.android.material.card.MaterialCardView: int getContentPaddingBottom()
com.karumi.dexter.R$styleable: int AppCompatTheme_actionModeCloseDrawable
com.karumi.dexter.listener.single.SnackbarOnDeniedPermissionListener: SnackbarOnDeniedPermissionListener(android.view.View,java.lang.String,java.lang.String,android.view.View$OnClickListener,com.google.android.material.snackbar.Snackbar$Callback,int,com.karumi.dexter.listener.single.SnackbarOnDeniedPermissionListener$1)
com.google.android.material.textfield.TextInputLayout: void setExpandedHintEnabled(boolean)
com.karumi.dexter.R$attr: int buttonStyleSmall
com.karumi.dexter.R$attr: int icon
com.karumi.dexter.R$styleable: int Spinner_android_popupBackground
com.google.android.material.textfield.TextInputLayout: void setStartIconDrawable(android.graphics.drawable.Drawable)
com.karumi.dexter.R$attr: int state_collapsed
com.pnikosis.materialishprogress.ProgressWheel: float getSpinSpeed()
androidx.appcompat.widget.AppCompatAutoCompleteTextView: android.content.res.ColorStateList getSupportBackgroundTintList()
com.karumi.dexter.R$attr: int layout
com.karumi.dexter.R$integer: int hide_password_duration
com.karumi.dexter.listener.multi.DialogOnAnyDeniedMultiplePermissionsListener$Builder: com.karumi.dexter.listener.multi.DialogOnAnyDeniedMultiplePermissionsListener$Builder withMessage(java.lang.String)
com.karumi.dexter.R$styleable: int ActionBar_subtitleTextStyle
androidx.core.app.RemoteActionCompat: RemoteActionCompat()
com.karumi.dexter.R$attr: int allowStacking
com.karumi.dexter.BuildConfig: int VERSION_CODE
com.karumi.dexter.DexterInstance$PermissionStates: com.karumi.dexter.DexterInstance this$0
androidx.appcompat.widget.AppCompatAutoCompleteTextView: android.graphics.PorterDuff$Mode getSupportBackgroundTintMode()
com.google.android.material.button.MaterialButton: void setBackgroundResource(int)
com.karumi.dexter.R$color: int bright_foreground_inverse_material_light
com.karumi.dexter.R$styleable: int TextInputLayout_passwordToggleDrawable
com.google.android.material.button.MaterialButtonToggleGroup: int getVisibleButtonCount()
com.karumi.dexter.R$style: int Widget_AppCompat_Button_Borderless
com.google.android.material.chip.Chip: void setChipCornerRadius(float)
com.karumi.dexter.R$styleable: int AppCompatTheme_buttonBarNegativeButtonStyle
com.karumi.dexter.R$attr: int backgroundStacked
com.karumi.dexter.R$drawable: int abc_switch_thumb_material
com.karumi.dexter.R$styleable: int Toolbar_contentInsetStart
androidx.coordinatorlayout.widget.CoordinatorLayout: int getSuggestedMinimumWidth()
com.journeyapps.barcodescanner.CameraPreview: void setTorch(boolean)
com.google.android.material.chip.ChipGroup: void setSingleLine(boolean)
com.karumi.dexter.R$dimen: int design_navigation_padding_bottom
com.karumi.dexter.R$layout: int design_navigation_menu_item
com.karumi.dexter.R$attr: int passwordToggleEnabled
com.karumi.dexter.R$attr: int rippleColor
com.karumi.dexter.R$styleable: int AppCompatTheme_windowNoTitle