app/build/outputs/mapping/release/mapping.txt
# compiler: R8
# compiler_version: 2.1.86
# min_api: 19
# pg_map_id: 9b5c3f1
# common_typos_disable
com.dcs.myretailer.app.APIActivity -> com.dcs.myretailer.app.APIActivity:
    org.w3c.dom.Document XMLParseFunction(java.lang.String,org.w3c.dom.Document) -> a
com.dcs.myretailer.app.AddModifierActivity -> com.dcs.myretailer.app.AddModifierActivity:
    com.dcs.myretailer.app.databinding.ActivityAddModifierBinding binding -> v
    android.content.Context context -> u
    java.lang.String ID -> t
    void ShowModifier(int) -> M
    void UpdateModifier(java.lang.String,java.lang.String,java.lang.String) -> N
    void deleteModifier(java.lang.String) -> O
com.dcs.myretailer.app.AddModifierActivity$1 -> com.dcs.myretailer.app.AddModifierActivity$a:
    com.dcs.myretailer.app.AddModifierActivity this$0 -> b
com.dcs.myretailer.app.Allocator -> com.dcs.myretailer.app.a:
    android.database.sqlite.SQLiteDatabase DB -> a
    java.lang.String cashierAuth -> f
    android.database.sqlite.SQLiteDatabase TransactDB -> b
    long cashierID -> d
    java.lang.String DataPath -> c
    java.lang.String cashierName -> e
com.dcs.myretailer.app.BOC.BillBOC -> com.dcs.myretailer.app.b.a:
    java.lang.String transaction_info -> G
    java.lang.String batch_number -> f
    java.lang.String card_label -> h
    java.lang.String card_type -> j
    java.lang.String coupons_vouchers -> l
    java.lang.String custom_data_3 -> n
    java.lang.String destination_package_name -> p
    java.lang.String employee_id -> r
    java.lang.String entry_mode -> t
    java.lang.String external_device_invoice -> v
    java.lang.String host_type -> x
    java.lang.String merchant_id -> z
    java.lang.String BillNo -> a
    java.lang.String STATUS -> c
    java.lang.String response_code -> B
    java.lang.String approval_code -> e
    java.lang.String source_package_name -> D
    java.lang.String card_holder_name -> g
    java.lang.String transaction_amount -> F
    java.lang.String card_number -> i
    java.lang.String transaction_type -> H
    java.lang.String command_identifier -> k
    java.lang.String custom_data_ -> m
    java.lang.String date_time -> o
    java.lang.String ecr_unique_trace_number -> q
    java.lang.String emv_data -> s
    java.lang.String expiry_date -> u
    java.lang.String host_label -> w
    java.lang.String invoice_number -> y
    java.lang.String original_trans_type -> A
    java.lang.String retrieval_reference_number -> C
    java.lang.String uuid -> b
    java.lang.String terminal_id -> E
    java.lang.String additional_printing_flag -> d
com.dcs.myretailer.app.BarChartActivity -> com.dcs.myretailer.app.BarChartActivity:
    android.widget.SeekBar seekBarY -> w
    android.widget.TextView tvY -> y
    android.graphics.RectF onValueSelectedRectF -> z
    android.widget.SeekBar seekBarX -> v
    android.widget.TextView tvX -> x
    com.github.mikephil.charting.charts.BarChart chart -> u
    void saveToGallery() -> M
    void setData(int,float) -> O
    void onValueSelected(com.github.mikephil.charting.data.Entry,com.github.mikephil.charting.highlight.Highlight) -> e
    void onNothingSelected() -> j
com.dcs.myretailer.app.BillList.BillListModel -> com.dcs.myretailer.app.c.a:
    java.lang.String QueueNo -> g
    java.lang.String TableNo -> f
    java.lang.String TotalAmount -> i
    java.lang.String OnlineOrderBill -> h
    java.lang.String BillID -> a
    java.lang.String STATUS -> c
    java.lang.String BillNo -> b
    java.lang.String Date -> e
    java.lang.String TotalItems -> d
    java.lang.String getBillID() -> a
    java.lang.String getBillNo() -> b
    java.lang.String getDate() -> c
    java.lang.String getOnlineOrderBill() -> d
    java.lang.String getQueueNo() -> e
    java.lang.String getSTATUS() -> f
    java.lang.String getTableNo() -> g
    java.lang.String getTotalAmount() -> h
    java.lang.String getTotalItems() -> i
...
com.github.mikephil.charting.components.YAxis$AxisDependency -> c.b.a.a.c.j$a:
    com.github.mikephil.charting.components.YAxis$AxisDependency[] $VALUES -> d
    com.github.mikephil.charting.components.YAxis$AxisDependency LEFT -> b
    com.github.mikephil.charting.components.YAxis$AxisDependency RIGHT -> c
com.github.mikephil.charting.components.YAxis$YAxisLabelPosition -> c.b.a.a.c.j$b:
    com.github.mikephil.charting.components.YAxis$YAxisLabelPosition INSIDE_CHART -> c
    com.github.mikephil.charting.components.YAxis$YAxisLabelPosition[] $VALUES -> d
    com.github.mikephil.charting.components.YAxis$YAxisLabelPosition OUTSIDE_CHART -> b
com.github.mikephil.charting.data.BarData -> c.b.a.a.d.a:
    float mBarWidth -> j
    float getBarWidth() -> v
    void setBarWidth(float) -> w
com.github.mikephil.charting.data.BarDataSet -> c.b.a.a.d.b:
    int mBarShadowColor -> z
    int mStackSize -> y
    java.lang.String[] mStackLabels -> E
    int mEntryCountStacks -> D
    float mBarBorderWidth -> A
    int mBarBorderColor -> B
    int mHighLightAlpha -> C
    int getStackSize() -> L
    int getBarBorderColor() -> M
    void calcMinMax(com.github.mikephil.charting.data.Entry) -> Y
    int getHighLightAlpha() -> e
    void calcEntryCountIncludingStacks(java.util.List) -> e0
    void calcMinMax(com.github.mikephil.charting.data.BarEntry) -> f0
    void calcStackSize(java.util.List) -> g0
    int getBarShadowColor() -> h
    float getBarBorderWidth() -> i
    boolean isStacked() -> n
    java.lang.String[] getStackLabels() -> p
com.github.mikephil.charting.data.BarEntry -> c.b.a.a.d.c:
    float mPositiveSum -> i
    float mNegativeSum -> h
    com.github.mikephil.charting.highlight.Range[] mRanges -> g
    float[] mYVals -> f
    float getY() -> h
    float getNegativeSum() -> m
    float getPositiveSum() -> n
    com.github.mikephil.charting.highlight.Range[] getRanges() -> o
    float[] getYVals() -> p
    boolean isStacked() -> q
com.github.mikephil.charting.data.BarLineScatterCandleBubbleData -> c.b.a.a.d.d:
com.github.mikephil.charting.data.BarLineScatterCandleBubbleDataSet -> c.b.a.a.d.e:
    int mHighLightColor -> x
    int getHighLightColor() -> r
com.github.mikephil.charting.data.BaseDataSet -> c.b.a.a.d.f:
    float mFormLineWidth -> l
    float mFormSize -> k
    boolean mDrawValues -> n
    boolean mDrawIcons -> o
    android.graphics.DashPathEffect mFormLineDashEffect -> m
    android.graphics.Typeface mValueTypeface -> i
    com.github.mikephil.charting.components.Legend$LegendForm mForm -> j
    com.github.mikephil.charting.model.GradientColor mGradientColor -> b
    boolean mVisible -> r
    com.github.mikephil.charting.components.YAxis$AxisDependency mAxisDependency -> f
    java.util.List mColors -> a
    java.util.List mValueColors -> d
    java.util.List mGradientColors -> c
    boolean mHighlightEnabled -> g
    float mValueTextSize -> q
    com.github.mikephil.charting.formatter.IValueFormatter mValueFormatter -> h
    com.github.mikephil.charting.utils.MPPointF mIconsOffset -> p
    java.lang.String mLabel -> e
    int getValueTextColor(int) -> B
    boolean isHighlightEnabled() -> C
    float getFormLineWidth() -> E
    void setValueFormatter(com.github.mikephil.charting.formatter.IValueFormatter) -> F
    void setValueTextSize(float) -> H
    java.util.List getColors() -> J
    com.github.mikephil.charting.model.GradientColor getGradientColor(int) -> K
    float getFormSize() -> N
    android.graphics.DashPathEffect getFormLineDashEffect() -> O
    boolean isDrawIconsEnabled() -> S
    int getColor(int) -> T
    void notifyDataSetChanged() -> U
    void setColors(int[]) -> V