app/build/outputs/mapping/release/usage.txt
com.dcs.myretailer.app.DeviceHelper$21
com.dcs.myretailer.app.MyRecyclerViewCheckout$MyViewHolder
com.dcs.myretailer.app.domain.mastertables.product.ProductModel
com.dcs.myretailer.app.databinding.ActivityPaymentListBinding:
    public static com.dcs.myretailer.app.databinding.ActivityPaymentListBinding inflate(android.view.LayoutInflater,android.view.ViewGroup,boolean)
    public static com.dcs.myretailer.app.databinding.ActivityPaymentListBinding inflate(android.view.LayoutInflater,android.view.ViewGroup,boolean,java.lang.Object)
    public static com.dcs.myretailer.app.databinding.ActivityPaymentListBinding inflate(android.view.LayoutInflater)
    public static com.dcs.myretailer.app.databinding.ActivityPaymentListBinding inflate(android.view.LayoutInflater,java.lang.Object)
    public static com.dcs.myretailer.app.databinding.ActivityPaymentListBinding bind(android.view.View)
    public static com.dcs.myretailer.app.databinding.ActivityPaymentListBinding bind(android.view.View,java.lang.Object)
com.dcs.myretailer.app.databinding.ActivityMainBinding:
    public static com.dcs.myretailer.app.databinding.ActivityMainBinding inflate(android.view.LayoutInflater,android.view.ViewGroup,boolean)
    public static com.dcs.myretailer.app.databinding.ActivityMainBinding inflate(android.view.LayoutInflater,android.view.ViewGroup,boolean,java.lang.Object)
    public static com.dcs.myretailer.app.databinding.ActivityMainBinding inflate(android.view.LayoutInflater)
    public static com.dcs.myretailer.app.databinding.ActivityMainBinding inflate(android.view.LayoutInflater,java.lang.Object)
    public static com.dcs.myretailer.app.databinding.ActivityMainBinding bind(android.view.View)
    public static com.dcs.myretailer.app.databinding.ActivityMainBinding bind(android.view.View,java.lang.Object)
    public abstract void setViewmodel(com.dcs.myretailer.app.MainActivityViewModel)
    public com.dcs.myretailer.app.MainActivityViewModel getViewmodel()
    protected com.dcs.myretailer.app.MainActivityViewModel mViewmodel
com.dcs.myretailer.app.Setting.AddNewCategoryActivity:
    public java.lang.String BitMapToString(android.graphics.Bitmap)
    private static final int GALLERY_REQUEST_CODE
    private static final int CAMERA_REQUEST_CODE
com.dcs.myretailer.app.Setting.RecyclerNoImageViewProductManagementAdapter
com.dcs.myretailer.app.Report.ReportXAdapter:
    int[] flags
com.dcs.myretailer.app.Cashier.RemarkScanActivity$2
com.dcs.myretailer.app.Report.ReportActivity$16
com.dcs.myretailer.app.Cashier.BillData
com.dcs.myretailer.app.Setting.LanguageArrayAdapter
com.dcs.myretailer.app.OpenDiscountFragment
com.dcs.myretailer.app.SearchResultsActivity
com.dcs.myretailer.app.databinding.ActivityStockAdjustmentBindingImpl:
    public boolean setVariable(int,java.lang.Object)
com.dcs.myretailer.app.DeviceHelper$47
com.dcs.myretailer.app.DeviceHelper$34
com.dcs.myretailer.app.Setting.AddNewProductActivity:
    private void ProgressSweetAlert()
    private void SuccessSweetAlert(java.lang.String)
    public static java.lang.String getRealPathFromUri(android.content.Context,android.net.Uri)
    private void sendtoServer(java.lang.String)
    private java.io.File getFile()
    private static final int GALLERY_REQUEST_CODE
    private static final int CAMERA_REQUEST_CODE
...
io.reactivex.internal.operators.single.SingleTimeout$TimeoutMainObserver
android.support.v4.media.MediaBrowserCompatApi21$MediaItem
io.reactivex.rxjava3.internal.operators.flowable.FlowableAnySingle
androidx.constraintlayout.widget.R$color
androidx.core.app.ShareCompat
org.apache.commons.collections.ReferenceMap
io.reactivex.internal.operators.single.SingleCreate$Emitter
io.reactivex.internal.operators.completable.CompletableHide
io.reactivex.rxjava3.internal.operators.flowable.FlowableAny$AnySubscriber
com.jcraft.jsch.jce.ECDHN
com.github.mikephil.charting.renderer.CombinedChartRenderer
com.newland.mtype.module.common.pin.PinInputResult
org.apache.commons.io.filefilter.SuffixFileFilter
androidx.constraintlayout.utils.widget.ImageFilterView$1
io.reactivex.internal.operators.observable.ObservableDistinct
okhttp3.internal.http.StatusLine:
    public static okhttp3.internal.http.StatusLine get(okhttp3.Response)
    public static final int HTTP_TEMP_REDIRECT
    public static final int HTTP_PERM_REDIRECT
    public static final int HTTP_CONTINUE
com.newland.me.a.o.b$a
androidx.annotation.TransitionRes
com.newland.mtype.module.common.externalPin.OddEvenCheckType
androidx.appcompat.widget.ActivityChooserModel$HistoricalRecord
io.reactivex.internal.operators.observable.ObservableSampleWithObservable$SampleMainObserver
com.usdk.apiservice.aidl.dock.ethernet.GetEthernetConfigListener
io.reactivex.internal.operators.single.SingleDoFinally$DoFinallyObserver
com.pax.edc.opensdk.BuildConfig
com.google.android.material.datepicker.TimeSource:
    static com.google.android.material.datepicker.TimeSource fixed(long,java.util.TimeZone)
    static com.google.android.material.datepicker.TimeSource fixed(long)
androidx.appcompat.view.menu.ActionMenuItem:
    public androidx.appcompat.view.menu.ActionMenuItem setExclusiveCheckable(boolean)
    public boolean invoke()
    public boolean requiresActionButton()
    public boolean requiresOverflow()
    private static final int CHECKABLE
    private static final int CHECKED
    private static final int EXCLUSIVE
    private static final int HIDDEN
    private static final int ENABLED
com.pax.gl.extprinter.entity.EAlign
com.newland.e.a.f
com.newland.me.a.l.c$b
com.android.volley.toolbox.HurlStack:
    private static final int HTTP_CONTINUE
org.apache.commons.lang3.concurrent.Memoizer
cn.pedant.SweetAlert.BuildConfig
org.apache.commons.collections4.queue.SynchronizedQueue
com.usdk.apiservice.aidl.system.setting.LanguageInfo
io.reactivex.rxjava3.internal.operators.flowable.FlowableMapNotification$MapNotificationSubscriber
io.reactivex.internal.operators.flowable.FlowableCreate$BaseEmitter
cn.pedant.SweetAlert.Rotate3dAnimation
com.newland.me.a.c.e
com.pax.dal.IIcc
io.reactivex.rxjava3.internal.operators.maybe.MaybeToObservable$MaybeToObservableObserver
org.apache.commons.collections4.collection.PredicatedCollection$Builder
com.pax.jemv.qpboc.api.ClssPbocCBFunApi
io.reactivex.subscribers.SafeSubscriber
com.google.android.material.shape.EdgeTreatment:
    public void getEdgePath(float,float,com.google.android.material.shape.ShapePath)
com.google.gson.internal.LinkedTreeMap$KeySet
io.reactivex.internal.operators.mixed.MaybeFlatMapObservable
com.xinguodu.ddiinterface.struct.StrComAttr
androidx.room.TransactionExecutor$1
com.pax.jemv.clcommon.Clss_TransParam
io.reactivex.internal.schedulers.SchedulerPoolFactory$PurgeProperties
io.reactivex.rxjava3.internal.operators.observable.ObservableWindowTimed$AbstractWindowObserver